2023-10-20T01:13:36.576+05:30  INFO 21202 --- [main] c.d.f.FilerenderApplicationTests         : Starting FilerenderApplicationTests using Java 17.0.2 with PID 21202 (started by pdevashish in /Users/pdevashish/IdeaProjects/filerender)
2023-10-20T01:13:36.585+05:30  INFO 21202 --- [main] c.d.f.FilerenderApplicationTests         : No active profile set, falling back to 1 default profile: "default"
2023-10-20T01:13:39.536+05:30  INFO 21202 --- [main] c.d.f.FilerenderApplicationTests         : Started FilerenderApplicationTests in 3.396 seconds (process running for 4.865)
2023-10-20T01:18:42.008+05:30  INFO 21766 --- [main] c.d.f.FilerenderApplicationTests         : Starting FilerenderApplicationTests using Java 17.0.2 with PID 21766 (started by pdevashish in /Users/pdevashish/IdeaProjects/filerender)
2023-10-20T01:18:42.012+05:30  INFO 21766 --- [main] c.d.f.FilerenderApplicationTests         : No active profile set, falling back to 1 default profile: "default"
2023-10-20T01:18:45.023+05:30  INFO 21766 --- [main] c.d.f.FilerenderApplicationTests         : Started FilerenderApplicationTests in 3.447 seconds (process running for 4.878)
2023-10-20T01:19:35.391+05:30  INFO 21850 --- [main] c.d.f.FilerenderApplicationTests         : Starting FilerenderApplicationTests using Java 17.0.2 with PID 21850 (started by pdevashish in /Users/pdevashish/IdeaProjects/filerender)
2023-10-20T01:19:35.392+05:30  INFO 21850 --- [main] c.d.f.FilerenderApplicationTests         : No active profile set, falling back to 1 default profile: "default"
2023-10-20T01:19:38.367+05:30  INFO 21850 --- [main] c.d.f.FilerenderApplicationTests         : Started FilerenderApplicationTests in 3.418 seconds (process running for 4.866)
2023-10-20T01:20:11.058+05:30  INFO 21934 --- [main] c.d.filerender.FileRenderApplication     : Starting FileRenderApplication using Java 17.0.2 with PID 21934 (/Users/pdevashish/IdeaProjects/filerender/target/classes started by pdevashish in /Users/pdevashish/IdeaProjects/filerender)
2023-10-20T01:20:11.061+05:30  INFO 21934 --- [main] c.d.filerender.FileRenderApplication     : No active profile set, falling back to 1 default profile: "default"
2023-10-20T01:20:12.482+05:30  INFO 21934 --- [main] o.s.b.w.embedded.tomcat.TomcatWebServer  : Tomcat initialized with port(s): 8080 (http)
2023-10-20T01:20:12.493+05:30  INFO 21934 --- [main] o.apache.catalina.core.StandardService   : Starting service [Tomcat]
2023-10-20T01:20:12.494+05:30  INFO 21934 --- [main] o.apache.catalina.core.StandardEngine    : Starting Servlet engine: [Apache Tomcat/10.1.15]
2023-10-20T01:20:12.745+05:30  INFO 21934 --- [main] o.a.c.c.C.[Tomcat].[localhost].[/]       : Initializing Spring embedded WebApplicationContext
2023-10-20T01:20:12.747+05:30  INFO 21934 --- [main] w.s.c.ServletWebServerApplicationContext : Root WebApplicationContext: initialization completed in 1597 ms
2023-10-20T01:20:14.557+05:30  INFO 21934 --- [main] o.s.b.w.embedded.tomcat.TomcatWebServer  : Tomcat started on port(s): 8080 (http) with context path ''
2023-10-20T01:20:14.572+05:30  INFO 21934 --- [main] c.d.filerender.FileRenderApplication     : Started FileRenderApplication in 4.177 seconds (process running for 4.96)
2023-10-20T01:20:28.164+05:30  INFO 21934 --- [http-nio-8080-exec-1] o.a.c.c.C.[Tomcat].[localhost].[/]       : Initializing Spring DispatcherServlet 'dispatcherServlet'
2023-10-20T01:20:28.164+05:30  INFO 21934 --- [http-nio-8080-exec-1] o.s.web.servlet.DispatcherServlet        : Initializing Servlet 'dispatcherServlet'
2023-10-20T01:20:28.168+05:30  INFO 21934 --- [http-nio-8080-exec-1] o.s.web.servlet.DispatcherServlet        : Completed initialization in 4 ms
2023-10-20T01:20:28.301+05:30  INFO 21934 --- [http-nio-8080-exec-1] c.d.f.s.GroupDocsRenderServiceImpl       : request payload {}{"process":"viewer","sourceFile":"input/report.docx","extension":"docx","destinationFile":"output2/report.pdf","pdfOptions":{}}
2023-10-20T01:20:28.310+05:30  INFO 21934 --- [http-nio-8080-exec-1] c.d.f.s.GroupDocsRenderServiceImpl       : response payload {}{"errors":{"message":"Cannot invoke \"java.lang.Throwable.toString()\" because the return value of \"java.lang.Exception.getCause()\" is null"}}
2023-10-20T01:20:28.317+05:30 ERROR 21934 --- [http-nio-8080-exec-1] o.a.c.c.C.[.[.[/].[dispatcherServlet]    : Servlet.service() for servlet [dispatcherServlet] in context with path [] threw exception [Request processing failed: java.lang.NullPointerException: Cannot invoke "java.lang.Throwable.toString()" because the return value of "java.lang.Exception.getCause()" is null] with root cause

java.lang.NullPointerException: Cannot invoke "java.lang.Throwable.toString()" because the return value of "java.lang.Exception.getCause()" is null
	at com.delimp.filerender.service.GroupDocsRenderServiceImpl.processView(GroupDocsRenderServiceImpl.java:62) ~[classes/:na]
	at com.delimp.filerender.controller.GroupDocsRenderController.generateView(GroupDocsRenderController.java:32) ~[classes/:na]
	at java.base/jdk.internal.reflect.NativeMethodAccessorImpl.invoke0(Native Method) ~[na:na]
	at java.base/jdk.internal.reflect.NativeMethodAccessorImpl.invoke(NativeMethodAccessorImpl.java:77) ~[na:na]
	at java.base/jdk.internal.reflect.DelegatingMethodAccessorImpl.invoke(DelegatingMethodAccessorImpl.java:43) ~[na:na]
	at java.base/java.lang.reflect.Method.invoke(Method.java:568) ~[na:na]
	at org.springframework.web.method.support.InvocableHandlerMethod.doInvoke(InvocableHandlerMethod.java:205) ~[spring-web-6.0.13.jar:6.0.13]
	at org.springframework.web.method.support.InvocableHandlerMethod.invokeForRequest(InvocableHandlerMethod.java:150) ~[spring-web-6.0.13.jar:6.0.13]
	at org.springframework.web.servlet.mvc.method.annotation.ServletInvocableHandlerMethod.invokeAndHandle(ServletInvocableHandlerMethod.java:118) ~[spring-webmvc-6.0.13.jar:6.0.13]
	at org.springframework.web.servlet.mvc.method.annotation.RequestMappingHandlerAdapter.invokeHandlerMethod(RequestMappingHandlerAdapter.java:884) ~[spring-webmvc-6.0.13.jar:6.0.13]
	at org.springframework.web.servlet.mvc.method.annotation.RequestMappingHandlerAdapter.handleInternal(RequestMappingHandlerAdapter.java:797) ~[spring-webmvc-6.0.13.jar:6.0.13]
	at org.springframework.web.servlet.mvc.method.AbstractHandlerMethodAdapter.handle(AbstractHandlerMethodAdapter.java:87) ~[spring-webmvc-6.0.13.jar:6.0.13]
	at org.springframework.web.servlet.DispatcherServlet.doDispatch(DispatcherServlet.java:1081) ~[spring-webmvc-6.0.13.jar:6.0.13]
	at org.springframework.web.servlet.DispatcherServlet.doService(DispatcherServlet.java:974) ~[spring-webmvc-6.0.13.jar:6.0.13]
	at org.springframework.web.servlet.FrameworkServlet.processRequest(FrameworkServlet.java:1011) ~[spring-webmvc-6.0.13.jar:6.0.13]
	at org.springframework.web.servlet.FrameworkServlet.doPost(FrameworkServlet.java:914) ~[spring-webmvc-6.0.13.jar:6.0.13]
	at jakarta.servlet.http.HttpServlet.service(HttpServlet.java:590) ~[tomcat-embed-core-10.1.15.jar:6.0]
	at org.springframework.web.servlet.FrameworkServlet.service(FrameworkServlet.java:885) ~[spring-webmvc-6.0.13.jar:6.0.13]
	at jakarta.servlet.http.HttpServlet.service(HttpServlet.java:658) ~[tomcat-embed-core-10.1.15.jar:6.0]
	at org.apache.catalina.core.ApplicationFilterChain.internalDoFilter(ApplicationFilterChain.java:205) ~[tomcat-embed-core-10.1.15.jar:10.1.15]
	at org.apache.catalina.core.ApplicationFilterChain.doFilter(ApplicationFilterChain.java:149) ~[tomcat-embed-core-10.1.15.jar:10.1.15]
	at org.apache.tomcat.websocket.server.WsFilter.doFilter(WsFilter.java:51) ~[tomcat-embed-websocket-10.1.15.jar:10.1.15]
	at org.apache.catalina.core.ApplicationFilterChain.internalDoFilter(ApplicationFilterChain.java:174) ~[tomcat-embed-core-10.1.15.jar:10.1.15]
	at org.apache.catalina.core.ApplicationFilterChain.doFilter(ApplicationFilterChain.java:149) ~[tomcat-embed-core-10.1.15.jar:10.1.15]
	at org.springframework.web.filter.RequestContextFilter.doFilterInternal(RequestContextFilter.java:100) ~[spring-web-6.0.13.jar:6.0.13]
	at org.springframework.web.filter.OncePerRequestFilter.doFilter(OncePerRequestFilter.java:116) ~[spring-web-6.0.13.jar:6.0.13]
	at org.apache.catalina.core.ApplicationFilterChain.internalDoFilter(ApplicationFilterChain.java:174) ~[tomcat-embed-core-10.1.15.jar:10.1.15]
	at org.apache.catalina.core.ApplicationFilterChain.doFilter(ApplicationFilterChain.java:149) ~[tomcat-embed-core-10.1.15.jar:10.1.15]
	at org.springframework.web.filter.FormContentFilter.doFilterInternal(FormContentFilter.java:93) ~[spring-web-6.0.13.jar:6.0.13]
	at org.springframework.web.filter.OncePerRequestFilter.doFilter(OncePerRequestFilter.java:116) ~[spring-web-6.0.13.jar:6.0.13]
	at org.apache.catalina.core.ApplicationFilterChain.internalDoFilter(ApplicationFilterChain.java:174) ~[tomcat-embed-core-10.1.15.jar:10.1.15]
	at org.apache.catalina.core.ApplicationFilterChain.doFilter(ApplicationFilterChain.java:149) ~[tomcat-embed-core-10.1.15.jar:10.1.15]
	at org.springframework.web.filter.CharacterEncodingFilter.doFilterInternal(CharacterEncodingFilter.java:201) ~[spring-web-6.0.13.jar:6.0.13]
	at org.springframework.web.filter.OncePerRequestFilter.doFilter(OncePerRequestFilter.java:116) ~[spring-web-6.0.13.jar:6.0.13]
	at org.apache.catalina.core.ApplicationFilterChain.internalDoFilter(ApplicationFilterChain.java:174) ~[tomcat-embed-core-10.1.15.jar:10.1.15]
	at org.apache.catalina.core.ApplicationFilterChain.doFilter(ApplicationFilterChain.java:149) ~[tomcat-embed-core-10.1.15.jar:10.1.15]
	at org.apache.catalina.core.StandardWrapperValve.invoke(StandardWrapperValve.java:167) ~[tomcat-embed-core-10.1.15.jar:10.1.15]
	at org.apache.catalina.core.StandardContextValve.invoke(StandardContextValve.java:90) ~[tomcat-embed-core-10.1.15.jar:10.1.15]
	at org.apache.catalina.authenticator.AuthenticatorBase.invoke(AuthenticatorBase.java:482) ~[tomcat-embed-core-10.1.15.jar:10.1.15]
	at org.apache.catalina.core.StandardHostValve.invoke(StandardHostValve.java:115) ~[tomcat-embed-core-10.1.15.jar:10.1.15]
	at org.apache.catalina.valves.ErrorReportValve.invoke(ErrorReportValve.java:93) ~[tomcat-embed-core-10.1.15.jar:10.1.15]
	at org.apache.catalina.core.StandardEngineValve.invoke(StandardEngineValve.java:74) ~[tomcat-embed-core-10.1.15.jar:10.1.15]
	at org.apache.catalina.connector.CoyoteAdapter.service(CoyoteAdapter.java:340) ~[tomcat-embed-core-10.1.15.jar:10.1.15]
	at org.apache.coyote.http11.Http11Processor.service(Http11Processor.java:391) ~[tomcat-embed-core-10.1.15.jar:10.1.15]
	at org.apache.coyote.AbstractProcessorLight.process(AbstractProcessorLight.java:63) ~[tomcat-embed-core-10.1.15.jar:10.1.15]
	at org.apache.coyote.AbstractProtocol$ConnectionHandler.process(AbstractProtocol.java:896) ~[tomcat-embed-core-10.1.15.jar:10.1.15]
	at org.apache.tomcat.util.net.NioEndpoint$SocketProcessor.doRun(NioEndpoint.java:1744) ~[tomcat-embed-core-10.1.15.jar:10.1.15]
	at org.apache.tomcat.util.net.SocketProcessorBase.run(SocketProcessorBase.java:52) ~[tomcat-embed-core-10.1.15.jar:10.1.15]
	at org.apache.tomcat.util.threads.ThreadPoolExecutor.runWorker(ThreadPoolExecutor.java:1191) ~[tomcat-embed-core-10.1.15.jar:10.1.15]
	at org.apache.tomcat.util.threads.ThreadPoolExecutor$Worker.run(ThreadPoolExecutor.java:659) ~[tomcat-embed-core-10.1.15.jar:10.1.15]
	at org.apache.tomcat.util.threads.TaskThread$WrappingRunnable.run(TaskThread.java:61) ~[tomcat-embed-core-10.1.15.jar:10.1.15]
	at java.base/java.lang.Thread.run(Thread.java:833) ~[na:na]

2023-10-20T01:21:24.542+05:30  INFO 22050 --- [main] c.d.filerender.FileRenderApplication     : Starting FileRenderApplication using Java 17.0.2 with PID 22050 (/Users/pdevashish/IdeaProjects/filerender/target/classes started by pdevashish in /Users/pdevashish/IdeaProjects/filerender)
2023-10-20T01:21:24.545+05:30  INFO 22050 --- [main] c.d.filerender.FileRenderApplication     : No active profile set, falling back to 1 default profile: "default"
2023-10-20T01:21:25.994+05:30  INFO 22050 --- [main] o.s.b.w.embedded.tomcat.TomcatWebServer  : Tomcat initialized with port(s): 8080 (http)
2023-10-20T01:21:26.006+05:30  INFO 22050 --- [main] o.apache.catalina.core.StandardService   : Starting service [Tomcat]
2023-10-20T01:21:26.006+05:30  INFO 22050 --- [main] o.apache.catalina.core.StandardEngine    : Starting Servlet engine: [Apache Tomcat/10.1.15]
2023-10-20T01:21:26.243+05:30  INFO 22050 --- [main] o.a.c.c.C.[Tomcat].[localhost].[/]       : Initializing Spring embedded WebApplicationContext
2023-10-20T01:21:26.244+05:30  INFO 22050 --- [main] w.s.c.ServletWebServerApplicationContext : Root WebApplicationContext: initialization completed in 1604 ms
2023-10-20T01:21:28.187+05:30  INFO 22050 --- [main] o.s.b.w.embedded.tomcat.TomcatWebServer  : Tomcat started on port(s): 8080 (http) with context path ''
2023-10-20T01:21:28.200+05:30  INFO 22050 --- [main] c.d.filerender.FileRenderApplication     : Started FileRenderApplication in 4.296 seconds (process running for 5.064)
2023-10-20T01:21:37.108+05:30  INFO 22050 --- [http-nio-8080-exec-1] o.a.c.c.C.[Tomcat].[localhost].[/]       : Initializing Spring DispatcherServlet 'dispatcherServlet'
2023-10-20T01:21:37.109+05:30  INFO 22050 --- [http-nio-8080-exec-1] o.s.web.servlet.DispatcherServlet        : Initializing Servlet 'dispatcherServlet'
2023-10-20T01:21:37.112+05:30  INFO 22050 --- [http-nio-8080-exec-1] o.s.web.servlet.DispatcherServlet        : Completed initialization in 3 ms
2023-10-20T01:21:37.247+05:30  INFO 22050 --- [http-nio-8080-exec-1] c.d.f.s.GroupDocsRenderServiceImpl       : request payload {}{"process":"viewer","sourceFile":"input/report.docx","extension":"docx","destinationFile":"output2/report.pdf","pdfOptions":{}}
2023-10-20T01:21:37.256+05:30  INFO 22050 --- [http-nio-8080-exec-1] c.d.f.s.GroupDocsRenderServiceImpl       : response payload {}{"errors":{"message":"Cannot invoke \"java.lang.Throwable.toString()\" because the return value of \"java.lang.Exception.getCause()\" is null"}}
2023-10-20T01:21:37.263+05:30 ERROR 22050 --- [http-nio-8080-exec-1] o.a.c.c.C.[.[.[/].[dispatcherServlet]    : Servlet.service() for servlet [dispatcherServlet] in context with path [] threw exception [Request processing failed: java.lang.NullPointerException: Cannot invoke "java.lang.Throwable.getStackTrace()" because the return value of "java.lang.Exception.getCause()" is null] with root cause

java.lang.NullPointerException: Cannot invoke "java.lang.Throwable.getStackTrace()" because the return value of "java.lang.Exception.getCause()" is null
	at com.delimp.filerender.service.GroupDocsRenderServiceImpl.processView(GroupDocsRenderServiceImpl.java:62) ~[classes/:na]
	at com.delimp.filerender.controller.GroupDocsRenderController.generateView(GroupDocsRenderController.java:32) ~[classes/:na]
	at java.base/jdk.internal.reflect.NativeMethodAccessorImpl.invoke0(Native Method) ~[na:na]
	at java.base/jdk.internal.reflect.NativeMethodAccessorImpl.invoke(NativeMethodAccessorImpl.java:77) ~[na:na]
	at java.base/jdk.internal.reflect.DelegatingMethodAccessorImpl.invoke(DelegatingMethodAccessorImpl.java:43) ~[na:na]
	at java.base/java.lang.reflect.Method.invoke(Method.java:568) ~[na:na]
	at org.springframework.web.method.support.InvocableHandlerMethod.doInvoke(InvocableHandlerMethod.java:205) ~[spring-web-6.0.13.jar:6.0.13]
	at org.springframework.web.method.support.InvocableHandlerMethod.invokeForRequest(InvocableHandlerMethod.java:150) ~[spring-web-6.0.13.jar:6.0.13]
	at org.springframework.web.servlet.mvc.method.annotation.ServletInvocableHandlerMethod.invokeAndHandle(ServletInvocableHandlerMethod.java:118) ~[spring-webmvc-6.0.13.jar:6.0.13]
	at org.springframework.web.servlet.mvc.method.annotation.RequestMappingHandlerAdapter.invokeHandlerMethod(RequestMappingHandlerAdapter.java:884) ~[spring-webmvc-6.0.13.jar:6.0.13]
	at org.springframework.web.servlet.mvc.method.annotation.RequestMappingHandlerAdapter.handleInternal(RequestMappingHandlerAdapter.java:797) ~[spring-webmvc-6.0.13.jar:6.0.13]
	at org.springframework.web.servlet.mvc.method.AbstractHandlerMethodAdapter.handle(AbstractHandlerMethodAdapter.java:87) ~[spring-webmvc-6.0.13.jar:6.0.13]
	at org.springframework.web.servlet.DispatcherServlet.doDispatch(DispatcherServlet.java:1081) ~[spring-webmvc-6.0.13.jar:6.0.13]
	at org.springframework.web.servlet.DispatcherServlet.doService(DispatcherServlet.java:974) ~[spring-webmvc-6.0.13.jar:6.0.13]
	at org.springframework.web.servlet.FrameworkServlet.processRequest(FrameworkServlet.java:1011) ~[spring-webmvc-6.0.13.jar:6.0.13]
	at org.springframework.web.servlet.FrameworkServlet.doPost(FrameworkServlet.java:914) ~[spring-webmvc-6.0.13.jar:6.0.13]
	at jakarta.servlet.http.HttpServlet.service(HttpServlet.java:590) ~[tomcat-embed-core-10.1.15.jar:6.0]
	at org.springframework.web.servlet.FrameworkServlet.service(FrameworkServlet.java:885) ~[spring-webmvc-6.0.13.jar:6.0.13]
	at jakarta.servlet.http.HttpServlet.service(HttpServlet.java:658) ~[tomcat-embed-core-10.1.15.jar:6.0]
	at org.apache.catalina.core.ApplicationFilterChain.internalDoFilter(ApplicationFilterChain.java:205) ~[tomcat-embed-core-10.1.15.jar:10.1.15]
	at org.apache.catalina.core.ApplicationFilterChain.doFilter(ApplicationFilterChain.java:149) ~[tomcat-embed-core-10.1.15.jar:10.1.15]
	at org.apache.tomcat.websocket.server.WsFilter.doFilter(WsFilter.java:51) ~[tomcat-embed-websocket-10.1.15.jar:10.1.15]
	at org.apache.catalina.core.ApplicationFilterChain.internalDoFilter(ApplicationFilterChain.java:174) ~[tomcat-embed-core-10.1.15.jar:10.1.15]
	at org.apache.catalina.core.ApplicationFilterChain.doFilter(ApplicationFilterChain.java:149) ~[tomcat-embed-core-10.1.15.jar:10.1.15]
	at org.springframework.web.filter.RequestContextFilter.doFilterInternal(RequestContextFilter.java:100) ~[spring-web-6.0.13.jar:6.0.13]
	at org.springframework.web.filter.OncePerRequestFilter.doFilter(OncePerRequestFilter.java:116) ~[spring-web-6.0.13.jar:6.0.13]
	at org.apache.catalina.core.ApplicationFilterChain.internalDoFilter(ApplicationFilterChain.java:174) ~[tomcat-embed-core-10.1.15.jar:10.1.15]
	at org.apache.catalina.core.ApplicationFilterChain.doFilter(ApplicationFilterChain.java:149) ~[tomcat-embed-core-10.1.15.jar:10.1.15]
	at org.springframework.web.filter.FormContentFilter.doFilterInternal(FormContentFilter.java:93) ~[spring-web-6.0.13.jar:6.0.13]
	at org.springframework.web.filter.OncePerRequestFilter.doFilter(OncePerRequestFilter.java:116) ~[spring-web-6.0.13.jar:6.0.13]
	at org.apache.catalina.core.ApplicationFilterChain.internalDoFilter(ApplicationFilterChain.java:174) ~[tomcat-embed-core-10.1.15.jar:10.1.15]
	at org.apache.catalina.core.ApplicationFilterChain.doFilter(ApplicationFilterChain.java:149) ~[tomcat-embed-core-10.1.15.jar:10.1.15]
	at org.springframework.web.filter.CharacterEncodingFilter.doFilterInternal(CharacterEncodingFilter.java:201) ~[spring-web-6.0.13.jar:6.0.13]
	at org.springframework.web.filter.OncePerRequestFilter.doFilter(OncePerRequestFilter.java:116) ~[spring-web-6.0.13.jar:6.0.13]
	at org.apache.catalina.core.ApplicationFilterChain.internalDoFilter(ApplicationFilterChain.java:174) ~[tomcat-embed-core-10.1.15.jar:10.1.15]
	at org.apache.catalina.core.ApplicationFilterChain.doFilter(ApplicationFilterChain.java:149) ~[tomcat-embed-core-10.1.15.jar:10.1.15]
	at org.apache.catalina.core.StandardWrapperValve.invoke(StandardWrapperValve.java:167) ~[tomcat-embed-core-10.1.15.jar:10.1.15]
	at org.apache.catalina.core.StandardContextValve.invoke(StandardContextValve.java:90) ~[tomcat-embed-core-10.1.15.jar:10.1.15]
	at org.apache.catalina.authenticator.AuthenticatorBase.invoke(AuthenticatorBase.java:482) ~[tomcat-embed-core-10.1.15.jar:10.1.15]
	at org.apache.catalina.core.StandardHostValve.invoke(StandardHostValve.java:115) ~[tomcat-embed-core-10.1.15.jar:10.1.15]
	at org.apache.catalina.valves.ErrorReportValve.invoke(ErrorReportValve.java:93) ~[tomcat-embed-core-10.1.15.jar:10.1.15]
	at org.apache.catalina.core.StandardEngineValve.invoke(StandardEngineValve.java:74) ~[tomcat-embed-core-10.1.15.jar:10.1.15]
	at org.apache.catalina.connector.CoyoteAdapter.service(CoyoteAdapter.java:340) ~[tomcat-embed-core-10.1.15.jar:10.1.15]
	at org.apache.coyote.http11.Http11Processor.service(Http11Processor.java:391) ~[tomcat-embed-core-10.1.15.jar:10.1.15]
	at org.apache.coyote.AbstractProcessorLight.process(AbstractProcessorLight.java:63) ~[tomcat-embed-core-10.1.15.jar:10.1.15]
	at org.apache.coyote.AbstractProtocol$ConnectionHandler.process(AbstractProtocol.java:896) ~[tomcat-embed-core-10.1.15.jar:10.1.15]
	at org.apache.tomcat.util.net.NioEndpoint$SocketProcessor.doRun(NioEndpoint.java:1744) ~[tomcat-embed-core-10.1.15.jar:10.1.15]
	at org.apache.tomcat.util.net.SocketProcessorBase.run(SocketProcessorBase.java:52) ~[tomcat-embed-core-10.1.15.jar:10.1.15]
	at org.apache.tomcat.util.threads.ThreadPoolExecutor.runWorker(ThreadPoolExecutor.java:1191) ~[tomcat-embed-core-10.1.15.jar:10.1.15]
	at org.apache.tomcat.util.threads.ThreadPoolExecutor$Worker.run(ThreadPoolExecutor.java:659) ~[tomcat-embed-core-10.1.15.jar:10.1.15]
	at org.apache.tomcat.util.threads.TaskThread$WrappingRunnable.run(TaskThread.java:61) ~[tomcat-embed-core-10.1.15.jar:10.1.15]
	at java.base/java.lang.Thread.run(Thread.java:833) ~[na:na]

2023-10-20T01:22:09.018+05:30  INFO 22130 --- [main] c.d.filerender.FileRenderApplication     : Starting FileRenderApplication using Java 17.0.2 with PID 22130 (/Users/pdevashish/IdeaProjects/filerender/target/classes started by pdevashish in /Users/pdevashish/IdeaProjects/filerender)
2023-10-20T01:22:09.021+05:30  INFO 22130 --- [main] c.d.filerender.FileRenderApplication     : No active profile set, falling back to 1 default profile: "default"
2023-10-20T01:22:10.529+05:30  INFO 22130 --- [main] o.s.b.w.embedded.tomcat.TomcatWebServer  : Tomcat initialized with port(s): 8080 (http)
2023-10-20T01:22:10.539+05:30  INFO 22130 --- [main] o.apache.catalina.core.StandardService   : Starting service [Tomcat]
2023-10-20T01:22:10.540+05:30  INFO 22130 --- [main] o.apache.catalina.core.StandardEngine    : Starting Servlet engine: [Apache Tomcat/10.1.15]
2023-10-20T01:22:10.780+05:30  INFO 22130 --- [main] o.a.c.c.C.[Tomcat].[localhost].[/]       : Initializing Spring embedded WebApplicationContext
2023-10-20T01:22:10.781+05:30  INFO 22130 --- [main] w.s.c.ServletWebServerApplicationContext : Root WebApplicationContext: initialization completed in 1663 ms
2023-10-20T01:22:12.669+05:30  INFO 22130 --- [main] o.s.b.w.embedded.tomcat.TomcatWebServer  : Tomcat started on port(s): 8080 (http) with context path ''
2023-10-20T01:22:12.690+05:30  INFO 22130 --- [main] c.d.filerender.FileRenderApplication     : Started FileRenderApplication in 4.325 seconds (process running for 5.087)
2023-10-20T01:22:27.026+05:30  INFO 22130 --- [http-nio-8080-exec-1] o.a.c.c.C.[Tomcat].[localhost].[/]       : Initializing Spring DispatcherServlet 'dispatcherServlet'
2023-10-20T01:22:27.028+05:30  INFO 22130 --- [http-nio-8080-exec-1] o.s.web.servlet.DispatcherServlet        : Initializing Servlet 'dispatcherServlet'
2023-10-20T01:22:27.030+05:30  INFO 22130 --- [http-nio-8080-exec-1] o.s.web.servlet.DispatcherServlet        : Completed initialization in 1 ms
2023-10-20T01:22:27.161+05:30  INFO 22130 --- [http-nio-8080-exec-1] c.d.f.s.GroupDocsRenderServiceImpl       : request payload {}{"process":"viewer","sourceFile":"input/report.docx","extension":"docx","destinationFile":"output2/report.pdf","pdfOptions":{}}
2023-10-20T01:22:27.173+05:30  INFO 22130 --- [http-nio-8080-exec-1] c.d.f.s.GroupDocsRenderServiceImpl       : response payload {}{"errors":{"message":"Cannot invoke \"java.lang.Throwable.toString()\" because the return value of \"java.lang.Exception.getCause()\" is null","issue":"java.lang.NullPointerException: Cannot invoke \"java.lang.Throwable.toString()\" because the return value of \"java.lang.Exception.getCause()\" is null"}}
2023-10-20T01:23:33.675+05:30  INFO 22256 --- [main] c.d.filerender.FileRenderApplication     : Starting FileRenderApplication using Java 17.0.2 with PID 22256 (/Users/pdevashish/IdeaProjects/filerender/target/classes started by pdevashish in /Users/pdevashish/IdeaProjects/filerender)
2023-10-20T01:23:33.677+05:30  INFO 22256 --- [main] c.d.filerender.FileRenderApplication     : No active profile set, falling back to 1 default profile: "default"
2023-10-20T01:23:35.229+05:30  INFO 22256 --- [main] o.s.b.w.embedded.tomcat.TomcatWebServer  : Tomcat initialized with port(s): 8080 (http)
2023-10-20T01:23:35.241+05:30  INFO 22256 --- [main] o.apache.catalina.core.StandardService   : Starting service [Tomcat]
2023-10-20T01:23:35.242+05:30  INFO 22256 --- [main] o.apache.catalina.core.StandardEngine    : Starting Servlet engine: [Apache Tomcat/10.1.15]
2023-10-20T01:23:35.492+05:30  INFO 22256 --- [main] o.a.c.c.C.[Tomcat].[localhost].[/]       : Initializing Spring embedded WebApplicationContext
2023-10-20T01:23:35.494+05:30  INFO 22256 --- [main] w.s.c.ServletWebServerApplicationContext : Root WebApplicationContext: initialization completed in 1716 ms
2023-10-20T01:23:37.562+05:30  INFO 22256 --- [main] o.s.b.w.embedded.tomcat.TomcatWebServer  : Tomcat started on port(s): 8080 (http) with context path ''
2023-10-20T01:23:37.580+05:30  INFO 22256 --- [main] c.d.filerender.FileRenderApplication     : Started FileRenderApplication in 4.606 seconds (process running for 5.686)
2023-10-20T01:23:45.827+05:30  INFO 22306 --- [main] c.d.filerender.FileRenderApplication     : Starting FileRenderApplication using Java 17.0.2 with PID 22306 (/Users/pdevashish/IdeaProjects/filerender/target/classes started by pdevashish in /Users/pdevashish/IdeaProjects/filerender)
2023-10-20T01:23:45.830+05:30  INFO 22306 --- [main] c.d.filerender.FileRenderApplication     : No active profile set, falling back to 1 default profile: "default"
2023-10-20T01:23:47.356+05:30  INFO 22306 --- [main] o.s.b.w.embedded.tomcat.TomcatWebServer  : Tomcat initialized with port(s): 8080 (http)
2023-10-20T01:23:47.367+05:30  INFO 22306 --- [main] o.apache.catalina.core.StandardService   : Starting service [Tomcat]
2023-10-20T01:23:47.368+05:30  INFO 22306 --- [main] o.apache.catalina.core.StandardEngine    : Starting Servlet engine: [Apache Tomcat/10.1.15]
2023-10-20T01:23:47.609+05:30  INFO 22306 --- [main] o.a.c.c.C.[Tomcat].[localhost].[/]       : Initializing Spring embedded WebApplicationContext
2023-10-20T01:23:47.612+05:30  INFO 22306 --- [main] w.s.c.ServletWebServerApplicationContext : Root WebApplicationContext: initialization completed in 1683 ms
2023-10-20T01:23:49.588+05:30  INFO 22306 --- [main] o.s.b.w.embedded.tomcat.TomcatWebServer  : Tomcat started on port(s): 8080 (http) with context path ''
2023-10-20T01:23:49.605+05:30  INFO 22306 --- [main] c.d.filerender.FileRenderApplication     : Started FileRenderApplication in 4.496 seconds (process running for 5.381)
2023-10-20T01:24:05.220+05:30  INFO 22330 --- [main] c.d.filerender.FileRenderApplication     : Starting FileRenderApplication using Java 17.0.2 with PID 22330 (/Users/pdevashish/IdeaProjects/filerender/target/classes started by pdevashish in /Users/pdevashish/IdeaProjects/filerender)
2023-10-20T01:24:05.222+05:30  INFO 22330 --- [main] c.d.filerender.FileRenderApplication     : No active profile set, falling back to 1 default profile: "default"
2023-10-20T01:24:06.735+05:30  INFO 22330 --- [main] o.s.b.w.embedded.tomcat.TomcatWebServer  : Tomcat initialized with port(s): 8080 (http)
2023-10-20T01:24:06.746+05:30  INFO 22330 --- [main] o.apache.catalina.core.StandardService   : Starting service [Tomcat]
2023-10-20T01:24:06.746+05:30  INFO 22330 --- [main] o.apache.catalina.core.StandardEngine    : Starting Servlet engine: [Apache Tomcat/10.1.15]
2023-10-20T01:24:07.057+05:30  INFO 22330 --- [main] o.a.c.c.C.[Tomcat].[localhost].[/]       : Initializing Spring embedded WebApplicationContext
2023-10-20T01:24:07.058+05:30  INFO 22330 --- [main] w.s.c.ServletWebServerApplicationContext : Root WebApplicationContext: initialization completed in 1749 ms
2023-10-20T01:24:08.942+05:30  INFO 22330 --- [main] o.s.b.w.embedded.tomcat.TomcatWebServer  : Tomcat started on port(s): 8080 (http) with context path ''
2023-10-20T01:24:08.957+05:30  INFO 22330 --- [main] c.d.filerender.FileRenderApplication     : Started FileRenderApplication in 4.427 seconds (process running for 5.241)
2023-10-20T01:24:23.132+05:30  INFO 22330 --- [http-nio-8080-exec-2] o.a.c.c.C.[Tomcat].[localhost].[/]       : Initializing Spring DispatcherServlet 'dispatcherServlet'
2023-10-20T01:24:23.133+05:30  INFO 22330 --- [http-nio-8080-exec-2] o.s.web.servlet.DispatcherServlet        : Initializing Servlet 'dispatcherServlet'
2023-10-20T01:24:23.137+05:30  INFO 22330 --- [http-nio-8080-exec-2] o.s.web.servlet.DispatcherServlet        : Completed initialization in 2 ms
2023-10-20T01:24:52.488+05:30  INFO 22330 --- [http-nio-8080-exec-2] c.d.f.s.GroupDocsRenderServiceImpl       : request payload {}{"process":"viewer","sourceFile":"input/report.docx","extension":"docx","destinationFile":"output2/report.pdf","pdfOptions":{}}
2023-10-20T01:24:52.511+05:30  INFO 22330 --- [http-nio-8080-exec-2] c.d.f.s.GroupDocsRenderServiceImpl       : response payload {}{"errors":{"message":"Cannot invoke \"java.lang.Throwable.toString()\" because the return value of \"java.lang.Exception.getCause()\" is null","issue":"java.lang.NullPointerException: Cannot invoke \"java.lang.Throwable.toString()\" because the return value of \"java.lang.Exception.getCause()\" is null"}}
2023-10-20T01:25:12.248+05:30  INFO 22433 --- [main] c.d.filerender.FileRenderApplication     : Starting FileRenderApplication using Java 17.0.2 with PID 22433 (/Users/pdevashish/IdeaProjects/filerender/target/classes started by pdevashish in /Users/pdevashish/IdeaProjects/filerender)
2023-10-20T01:25:12.251+05:30  INFO 22433 --- [main] c.d.filerender.FileRenderApplication     : No active profile set, falling back to 1 default profile: "default"
2023-10-20T01:25:13.896+05:30  INFO 22433 --- [main] o.s.b.w.embedded.tomcat.TomcatWebServer  : Tomcat initialized with port(s): 8080 (http)
2023-10-20T01:25:13.906+05:30  INFO 22433 --- [main] o.apache.catalina.core.StandardService   : Starting service [Tomcat]
2023-10-20T01:25:13.906+05:30  INFO 22433 --- [main] o.apache.catalina.core.StandardEngine    : Starting Servlet engine: [Apache Tomcat/10.1.15]
2023-10-20T01:25:14.260+05:30  INFO 22433 --- [main] o.a.c.c.C.[Tomcat].[localhost].[/]       : Initializing Spring embedded WebApplicationContext
2023-10-20T01:25:14.262+05:30  INFO 22433 --- [main] w.s.c.ServletWebServerApplicationContext : Root WebApplicationContext: initialization completed in 1926 ms
2023-10-20T01:25:16.234+05:30  INFO 22433 --- [main] o.s.b.w.embedded.tomcat.TomcatWebServer  : Tomcat started on port(s): 8080 (http) with context path ''
2023-10-20T01:25:16.250+05:30  INFO 22433 --- [main] c.d.filerender.FileRenderApplication     : Started FileRenderApplication in 4.697 seconds (process running for 5.543)
2023-10-20T01:25:28.640+05:30  INFO 22461 --- [main] c.d.filerender.FileRenderApplication     : Starting FileRenderApplication using Java 17.0.2 with PID 22461 (/Users/pdevashish/IdeaProjects/filerender/target/classes started by pdevashish in /Users/pdevashish/IdeaProjects/filerender)
2023-10-20T01:25:28.644+05:30  INFO 22461 --- [main] c.d.filerender.FileRenderApplication     : No active profile set, falling back to 1 default profile: "default"
2023-10-20T01:25:30.161+05:30  INFO 22461 --- [main] o.s.b.w.embedded.tomcat.TomcatWebServer  : Tomcat initialized with port(s): 8080 (http)
2023-10-20T01:25:30.171+05:30  INFO 22461 --- [main] o.apache.catalina.core.StandardService   : Starting service [Tomcat]
2023-10-20T01:25:30.172+05:30  INFO 22461 --- [main] o.apache.catalina.core.StandardEngine    : Starting Servlet engine: [Apache Tomcat/10.1.15]
2023-10-20T01:25:30.405+05:30  INFO 22461 --- [main] o.a.c.c.C.[Tomcat].[localhost].[/]       : Initializing Spring embedded WebApplicationContext
2023-10-20T01:25:30.406+05:30  INFO 22461 --- [main] w.s.c.ServletWebServerApplicationContext : Root WebApplicationContext: initialization completed in 1670 ms
2023-10-20T01:25:32.349+05:30  INFO 22461 --- [main] o.s.b.w.embedded.tomcat.TomcatWebServer  : Tomcat started on port(s): 8080 (http) with context path ''
2023-10-20T01:25:32.368+05:30  INFO 22461 --- [main] c.d.filerender.FileRenderApplication     : Started FileRenderApplication in 4.42 seconds (process running for 5.243)
2023-10-20T01:25:56.382+05:30  INFO 22531 --- [main] c.d.filerender.FileRenderApplication     : Starting FileRenderApplication using Java 17.0.2 with PID 22531 (/Users/pdevashish/IdeaProjects/filerender/target/classes started by pdevashish in /Users/pdevashish/IdeaProjects/filerender)
2023-10-20T01:25:56.385+05:30  INFO 22531 --- [main] c.d.filerender.FileRenderApplication     : No active profile set, falling back to 1 default profile: "default"
2023-10-20T01:25:57.888+05:30  INFO 22531 --- [main] o.s.b.w.embedded.tomcat.TomcatWebServer  : Tomcat initialized with port(s): 8080 (http)
2023-10-20T01:25:57.902+05:30  INFO 22531 --- [main] o.apache.catalina.core.StandardService   : Starting service [Tomcat]
2023-10-20T01:25:57.903+05:30  INFO 22531 --- [main] o.apache.catalina.core.StandardEngine    : Starting Servlet engine: [Apache Tomcat/10.1.15]
2023-10-20T01:25:58.157+05:30  INFO 22531 --- [main] o.a.c.c.C.[Tomcat].[localhost].[/]       : Initializing Spring embedded WebApplicationContext
2023-10-20T01:25:58.158+05:30  INFO 22531 --- [main] w.s.c.ServletWebServerApplicationContext : Root WebApplicationContext: initialization completed in 1683 ms
2023-10-20T01:26:00.169+05:30  INFO 22531 --- [main] o.s.b.w.embedded.tomcat.TomcatWebServer  : Tomcat started on port(s): 8080 (http) with context path ''
2023-10-20T01:26:00.184+05:30  INFO 22531 --- [main] c.d.filerender.FileRenderApplication     : Started FileRenderApplication in 4.521 seconds (process running for 5.905)
2023-10-20T01:26:13.254+05:30  INFO 22563 --- [main] c.d.filerender.FileRenderApplication     : Starting FileRenderApplication using Java 17.0.2 with PID 22563 (/Users/pdevashish/IdeaProjects/filerender/target/classes started by pdevashish in /Users/pdevashish/IdeaProjects/filerender)
2023-10-20T01:26:13.256+05:30  INFO 22563 --- [main] c.d.filerender.FileRenderApplication     : No active profile set, falling back to 1 default profile: "default"
2023-10-20T01:26:14.691+05:30  INFO 22563 --- [main] o.s.b.w.embedded.tomcat.TomcatWebServer  : Tomcat initialized with port(s): 8080 (http)
2023-10-20T01:26:14.702+05:30  INFO 22563 --- [main] o.apache.catalina.core.StandardService   : Starting service [Tomcat]
2023-10-20T01:26:14.703+05:30  INFO 22563 --- [main] o.apache.catalina.core.StandardEngine    : Starting Servlet engine: [Apache Tomcat/10.1.15]
2023-10-20T01:26:14.938+05:30  INFO 22563 --- [main] o.a.c.c.C.[Tomcat].[localhost].[/]       : Initializing Spring embedded WebApplicationContext
2023-10-20T01:26:14.939+05:30  INFO 22563 --- [main] w.s.c.ServletWebServerApplicationContext : Root WebApplicationContext: initialization completed in 1598 ms
2023-10-20T01:26:16.755+05:30  INFO 22563 --- [main] o.s.b.w.embedded.tomcat.TomcatWebServer  : Tomcat started on port(s): 8080 (http) with context path ''
2023-10-20T01:26:16.773+05:30  INFO 22563 --- [main] c.d.filerender.FileRenderApplication     : Started FileRenderApplication in 4.201 seconds (process running for 4.991)
2023-10-20T01:26:44.027+05:30  INFO 22631 --- [main] c.d.f.FilerenderApplicationTests         : Starting FilerenderApplicationTests using Java 17.0.2 with PID 22631 (started by pdevashish in /Users/pdevashish/IdeaProjects/filerender)
2023-10-20T01:26:44.028+05:30  INFO 22631 --- [main] c.d.f.FilerenderApplicationTests         : No active profile set, falling back to 1 default profile: "default"
2023-10-20T01:26:47.507+05:30  INFO 22631 --- [main] c.d.f.FilerenderApplicationTests         : Started FilerenderApplicationTests in 3.891 seconds (process running for 5.332)
2023-10-20T01:28:01.717+05:30  INFO 22789 --- [main] c.d.filerender.FileRenderApplication     : Starting FileRenderApplication using Java 17.0.2 with PID 22789 (/Users/pdevashish/IdeaProjects/filerender/target/classes started by pdevashish in /Users/pdevashish/IdeaProjects/filerender)
2023-10-20T01:28:01.719+05:30  INFO 22789 --- [main] c.d.filerender.FileRenderApplication     : No active profile set, falling back to 1 default profile: "default"
2023-10-20T01:28:03.169+05:30  INFO 22789 --- [main] o.s.b.w.embedded.tomcat.TomcatWebServer  : Tomcat initialized with port(s): 9090 (http)
2023-10-20T01:28:03.181+05:30  INFO 22789 --- [main] o.apache.catalina.core.StandardService   : Starting service [Tomcat]
2023-10-20T01:28:03.181+05:30  INFO 22789 --- [main] o.apache.catalina.core.StandardEngine    : Starting Servlet engine: [Apache Tomcat/10.1.15]
2023-10-20T01:28:03.423+05:30  INFO 22789 --- [main] o.a.c.c.C.[Tomcat].[localhost].[/]       : Initializing Spring embedded WebApplicationContext
2023-10-20T01:28:03.424+05:30  INFO 22789 --- [main] w.s.c.ServletWebServerApplicationContext : Root WebApplicationContext: initialization completed in 1617 ms
2023-10-20T01:28:05.298+05:30  INFO 22789 --- [main] o.s.b.w.embedded.tomcat.TomcatWebServer  : Tomcat started on port(s): 9090 (http) with context path ''
2023-10-20T01:28:05.311+05:30  INFO 22789 --- [main] c.d.filerender.FileRenderApplication     : Started FileRenderApplication in 4.241 seconds (process running for 4.992)
2023-10-20T01:28:15.687+05:30  INFO 22789 --- [http-nio-9090-exec-3] o.a.c.c.C.[Tomcat].[localhost].[/]       : Initializing Spring DispatcherServlet 'dispatcherServlet'
2023-10-20T01:28:15.688+05:30  INFO 22789 --- [http-nio-9090-exec-3] o.s.web.servlet.DispatcherServlet        : Initializing Servlet 'dispatcherServlet'
2023-10-20T01:28:15.690+05:30  INFO 22789 --- [http-nio-9090-exec-3] o.s.web.servlet.DispatcherServlet        : Completed initialization in 1 ms
2023-10-20T01:28:15.796+05:30  INFO 22789 --- [http-nio-9090-exec-3] c.d.f.s.GroupDocsRenderServiceImpl       : request payload {}{"process":"viewer","sourceFile":"input/report.docx","extension":"docx","destinationFile":"output2/report.pdf","pdfOptions":{}}
2023-10-20T01:28:15.803+05:30  INFO 22789 --- [http-nio-9090-exec-3] c.d.f.s.GroupDocsRenderServiceImpl       : response payload {}{"data":{},"errors":{"message":"File 'input/report.docx' does not exist!","issue":"File 'input/report.docx' does not exist!"}}
2023-10-20T01:28:32.238+05:30  INFO 22823 --- [main] c.d.filerender.FileRenderApplication     : Starting FileRenderApplication using Java 17.0.2 with PID 22823 (/Users/pdevashish/IdeaProjects/filerender/target/classes started by pdevashish in /Users/pdevashish/IdeaProjects/filerender)
2023-10-20T01:28:32.240+05:30  INFO 22823 --- [main] c.d.filerender.FileRenderApplication     : No active profile set, falling back to 1 default profile: "default"
2023-10-20T01:28:33.797+05:30  INFO 22823 --- [main] o.s.b.w.embedded.tomcat.TomcatWebServer  : Tomcat initialized with port(s): 9090 (http)
2023-10-20T01:28:33.823+05:30  INFO 22823 --- [main] o.apache.catalina.core.StandardService   : Starting service [Tomcat]
2023-10-20T01:28:33.824+05:30  INFO 22823 --- [main] o.apache.catalina.core.StandardEngine    : Starting Servlet engine: [Apache Tomcat/10.1.15]
2023-10-20T01:28:34.114+05:30  INFO 22823 --- [main] o.a.c.c.C.[Tomcat].[localhost].[/]       : Initializing Spring embedded WebApplicationContext
2023-10-20T01:28:34.114+05:30  INFO 22823 --- [main] w.s.c.ServletWebServerApplicationContext : Root WebApplicationContext: initialization completed in 1775 ms
2023-10-20T01:28:35.936+05:30  INFO 22823 --- [main] o.s.b.w.embedded.tomcat.TomcatWebServer  : Tomcat started on port(s): 9090 (http) with context path ''
2023-10-20T01:28:35.957+05:30  INFO 22823 --- [main] c.d.filerender.FileRenderApplication     : Started FileRenderApplication in 4.421 seconds (process running for 5.28)
2023-10-20T01:28:44.047+05:30  INFO 22823 --- [http-nio-9090-exec-2] o.a.c.c.C.[Tomcat].[localhost].[/]       : Initializing Spring DispatcherServlet 'dispatcherServlet'
2023-10-20T01:28:44.047+05:30  INFO 22823 --- [http-nio-9090-exec-2] o.s.web.servlet.DispatcherServlet        : Initializing Servlet 'dispatcherServlet'
2023-10-20T01:28:44.049+05:30  INFO 22823 --- [http-nio-9090-exec-2] o.s.web.servlet.DispatcherServlet        : Completed initialization in 0 ms
2023-10-20T01:29:05.658+05:30  INFO 22823 --- [http-nio-9090-exec-2] c.d.f.s.GroupDocsRenderServiceImpl       : request payload {}{"process":"viewer","sourceFile":"input/report.docx","extension":"docx","destinationFile":"output2/report.pdf","pdfOptions":{}}
2023-10-20T01:29:05.681+05:30  INFO 22823 --- [http-nio-9090-exec-2] c.d.f.s.GroupDocsRenderServiceImpl       : response payload {}{"data":{},"errors":{"message":"File 'input/report.docx' does not exist!","issue":"File 'input/report.docx' does not exist!"}}
2023-10-20T01:31:49.646+05:30  INFO 22823 --- [http-nio-9090-exec-5] c.d.f.s.GroupDocsRenderServiceImpl       : request payload {}{"process":"viewer","sourceFile":"input/file-sample_1MB.docx","extension":"docx","destinationFile":"output2/report.pdf","pdfOptions":{}}
2023-10-20T01:31:49.649+05:30  INFO 22823 --- [http-nio-9090-exec-5] c.d.f.s.GroupDocsRenderServiceImpl       : response payload {}{"data":{"message":"preview file rendered at provided location successfully."},"errors":{}}
2023-10-20T01:34:15.206+05:30  INFO 22823 --- [http-nio-9090-exec-7] c.d.f.s.GroupDocsRenderServiceImpl       : request payload {}{"process":"viewer","sourceFile":"input/file-sample_1MB.docx","extension":"docx","destinationFile":"output2/ile-sample_1MB.pdf","pdfOptions":{}}
2023-10-20T01:34:15.208+05:30  INFO 22823 --- [http-nio-9090-exec-7] c.d.f.s.GroupDocsRenderServiceImpl       : response payload {}{"data":{"message":"preview file rendered at provided location successfully."},"errors":{}}
2023-10-20T01:37:27.396+05:30  INFO 22823 --- [http-nio-9090-exec-1] c.d.f.s.GroupDocsRenderServiceImpl       : request payload {}{"process":"viewer","sourceFile":"input/file_example_XLSX_5000.xlsx","extension":"xlsx","destinationFile":"output2/ile-sample_1MB.pdf","pdfOptions":{}}
2023-10-20T01:37:27.401+05:30  INFO 22823 --- [http-nio-9090-exec-1] c.d.f.s.GroupDocsRenderServiceImpl       : response payload {}{"data":{"message":"preview file rendered at provided location successfully."},"errors":{}}
2023-10-20T01:37:42.808+05:30  INFO 22823 --- [http-nio-9090-exec-2] c.d.f.s.GroupDocsRenderServiceImpl       : request payload {}{"process":"viewer","sourceFile":"input/file_example_XLSX_5000.xlsx","extension":"xlsx","destinationFile":"output/file-sample_1MB.pdf","pdfOptions":{}}
2023-10-20T01:37:42.809+05:30  INFO 22823 --- [http-nio-9090-exec-2] c.d.f.s.GroupDocsRenderServiceImpl       : response payload {}{"data":{"message":"preview file rendered at provided location successfully."},"errors":{}}
2023-10-20T01:38:06.419+05:30  INFO 22823 --- [http-nio-9090-exec-3] c.d.f.s.GroupDocsRenderServiceImpl       : request payload {}{"process":"viewer","sourceFile":"input/file_example_XLSX_5000.xlsx","extension":"xlsx","destinationFile":"output/file-sample_1MB.pdf","pdfOptions":{}}
2023-10-20T01:38:06.421+05:30  INFO 22823 --- [http-nio-9090-exec-3] c.d.f.s.GroupDocsRenderServiceImpl       : response payload {}{"data":{"message":"preview file rendered at provided location successfully."},"errors":{}}
2023-10-20T01:39:11.127+05:30  INFO 22823 --- [http-nio-9090-exec-5] c.d.f.s.GroupDocsRenderServiceImpl       : request payload {}{"process":"viewer","sourceFile":"input/file_example_XLSX_5000.xlsx","extension":"xlsx","destinationFile":"output/file_example_XLSX_5000.pdf","pdfOptions":{}}
2023-10-20T01:39:11.129+05:30  INFO 22823 --- [http-nio-9090-exec-5] c.d.f.s.GroupDocsRenderServiceImpl       : response payload {}{"data":{"message":"preview file rendered at provided location successfully."},"errors":{}}
2023-10-20T01:40:36.164+05:30  INFO 22823 --- [http-nio-9090-exec-9] c.d.f.s.GroupDocsRenderServiceImpl       : request payload {}{"process":"viewer","sourceFile":"input/file-sample_1MB.docx","extension":"xlsx","destinationFile":"output/file-sample_1MB.pdf","pdfOptions":{}}
2023-10-20T01:40:36.166+05:30  INFO 22823 --- [http-nio-9090-exec-9] c.d.f.s.GroupDocsRenderServiceImpl       : response payload {}{"data":{"message":"preview file rendered at provided location successfully."},"errors":{}}
2023-10-20T01:42:55.064+05:30  INFO 22823 --- [http-nio-9090-exec-2] c.d.f.s.GroupDocsRenderServiceImpl       : request payload {}{"process":"viewer","sourceFile":"input/file-sample_1MB.docx","extension":"xlsx","destinationFile":"output/file_example_PPT_1MB.pdf","pdfOptions":{}}
2023-10-20T01:42:55.066+05:30  INFO 22823 --- [http-nio-9090-exec-2] c.d.f.s.GroupDocsRenderServiceImpl       : response payload {}{"data":{"message":"preview file rendered at provided location successfully."},"errors":{}}
2023-10-20T01:44:34.518+05:30  INFO 22823 --- [http-nio-9090-exec-6] c.d.f.s.GroupDocsRenderServiceImpl       : request payload {}{"process":"viewer","sourceFile":"input/file-sample_1MB.odt","extension":"xlsx","destinationFile":"output/file-sample_1MB.pdf","pdfOptions":{}}
2023-10-20T01:44:34.524+05:30  INFO 22823 --- [http-nio-9090-exec-6] c.d.f.s.GroupDocsRenderServiceImpl       : response payload {}{"data":{"message":"preview file rendered at provided location successfully."},"errors":{}}
2023-10-20T01:45:40.251+05:30  INFO 22823 --- [http-nio-9090-exec-7] c.d.f.s.GroupDocsRenderServiceImpl       : request payload {}{"process":"viewer","sourceFile":"input/file-sample_1MB.odt","extension":"xlsx","destinationFile":"output/file-sample_1MB.odt.pdf","pdfOptions":{}}
2023-10-20T01:45:40.253+05:30  INFO 22823 --- [http-nio-9090-exec-7] c.d.f.s.GroupDocsRenderServiceImpl       : response payload {}{"data":{"message":"preview file rendered at provided location successfully."},"errors":{}}
2023-10-20T01:47:03.924+05:30  INFO 22823 --- [http-nio-9090-exec-1] c.d.f.s.GroupDocsRenderServiceImpl       : request payload {}{"process":"conversion","sourceFile":"input/file-sample_1MB.odt","extension":"xlsx","destinationFile":"output/file-sample_1MB.odt.pdf","pdfOptions":{}}
2023-10-20T01:47:03.928+05:30  INFO 22823 --- [http-nio-9090-exec-1] c.d.f.s.GroupDocsRenderServiceImpl       : response payload {}{"data":{},"errors":{"message":"this feature is comming sonn."}}
2023-10-20T01:47:48.738+05:30  INFO 24872 --- [main] c.d.filerender.FileRenderApplication     : Starting FileRenderApplication using Java 17.0.2 with PID 24872 (/Users/pdevashish/IdeaProjects/filerender/target/classes started by pdevashish in /Users/pdevashish/IdeaProjects/filerender)
2023-10-20T01:47:48.740+05:30  INFO 24872 --- [main] c.d.filerender.FileRenderApplication     : No active profile set, falling back to 1 default profile: "default"
2023-10-20T01:47:50.253+05:30  INFO 24872 --- [main] o.s.b.w.embedded.tomcat.TomcatWebServer  : Tomcat initialized with port(s): 9090 (http)
2023-10-20T01:47:50.265+05:30  INFO 24872 --- [main] o.apache.catalina.core.StandardService   : Starting service [Tomcat]
2023-10-20T01:47:50.266+05:30  INFO 24872 --- [main] o.apache.catalina.core.StandardEngine    : Starting Servlet engine: [Apache Tomcat/10.1.15]
2023-10-20T01:47:50.507+05:30  INFO 24872 --- [main] o.a.c.c.C.[Tomcat].[localhost].[/]       : Initializing Spring embedded WebApplicationContext
2023-10-20T01:47:50.508+05:30  INFO 24872 --- [main] w.s.c.ServletWebServerApplicationContext : Root WebApplicationContext: initialization completed in 1688 ms
2023-10-20T01:47:52.278+05:30  INFO 24872 --- [main] o.s.b.w.embedded.tomcat.TomcatWebServer  : Tomcat started on port(s): 9090 (http) with context path ''
2023-10-20T01:47:52.295+05:30  INFO 24872 --- [main] c.d.filerender.FileRenderApplication     : Started FileRenderApplication in 4.23 seconds (process running for 5.041)
2023-10-20T01:48:18.914+05:30  INFO 24872 --- [http-nio-9090-exec-2] o.a.c.c.C.[Tomcat].[localhost].[/]       : Initializing Spring DispatcherServlet 'dispatcherServlet'
2023-10-20T01:48:18.915+05:30  INFO 24872 --- [http-nio-9090-exec-2] o.s.web.servlet.DispatcherServlet        : Initializing Servlet 'dispatcherServlet'
2023-10-20T01:48:18.918+05:30  INFO 24872 --- [http-nio-9090-exec-2] o.s.web.servlet.DispatcherServlet        : Completed initialization in 2 ms
2023-10-20T01:48:19.036+05:30  INFO 24872 --- [http-nio-9090-exec-2] c.d.f.s.GroupDocsRenderServiceImpl       : request payload {}{"process":"conversion","sourceFile":"input/file-sample_1MB.docx","extension":"xlsx","destinationFile":"output/file-sample_1MB.docx.pdf","pdfOptions":{}}
2023-10-20T01:48:19.044+05:30  INFO 24872 --- [http-nio-9090-exec-2] c.d.f.s.GroupDocsRenderServiceImpl       : response payload {}{"data":{},"errors":{"message":"this feature is comming sonn."}}
2023-10-20T01:48:40.644+05:30  INFO 24872 --- [http-nio-9090-exec-3] c.d.f.s.GroupDocsRenderServiceImpl       : request payload {}{"process":"viewer","sourceFile":"input/file-sample_1MB.docx","extension":"xlsx","destinationFile":"output/file-sample_1MB.docx.pdf","pdfOptions":{}}
2023-10-20T01:48:40.648+05:30  INFO 24872 --- [http-nio-9090-exec-3] c.d.f.s.GroupDocsRenderServiceImpl       : response payload {}{"data":{"message":"preview file rendered at provided location successfully."},"errors":{}}
